<?xml version="1.0" encoding="UTF-8"?>
<testsuite xmlns:xsi="http://www.w3.org/2001/XMLSchema-instance" xsi:noNamespaceSchemaLocation="https://maven.apache.org/surefire/maven-surefire-plugin/xsd/surefire-test-report.xsd" name="com.wei.ProviderServiceApplicationTests" time="14.831" tests="1" errors="0" skipped="0" failures="0">
  <properties>
    <property name="sun.desktop" value="windows"/>
    <property name="awt.toolkit" value="sun.awt.windows.WToolkit"/>
    <property name="file.encoding.pkg" value="sun.io"/>
    <property name="java.specification.version" value="1.8"/>
    <property name="sun.cpu.isalist" value="pentium_pro+mmx pentium_pro pentium+mmx pentium i486 i386 i86"/>
    <property name="sun.jnu.encoding" value="GBK"/>
    <property name="java.class.path" value="E:\Project\IdeaProjects\Dubbo+Zookeeper\provider-service\target\test-classes;E:\Project\IdeaProjects\Dubbo+Zookeeper\provider-service\target\classes;D:\Environment\apache-maven-3.8.2\conf\repository\org\springframework\boot\spring-boot-starter-web\2.4.4\spring-boot-starter-web-2.4.4.jar;D:\Environment\apache-maven-3.8.2\conf\repository\org\springframework\boot\spring-boot-starter\2.4.4\spring-boot-starter-2.4.4.jar;D:\Environment\apache-maven-3.8.2\conf\repository\org\springframework\boot\spring-boot\2.4.4\spring-boot-2.4.4.jar;D:\Environment\apache-maven-3.8.2\conf\repository\org\springframework\boot\spring-boot-autoconfigure\2.4.4\spring-boot-autoconfigure-2.4.4.jar;D:\Environment\apache-maven-3.8.2\conf\repository\org\springframework\boot\spring-boot-starter-logging\2.4.4\spring-boot-starter-logging-2.4.4.jar;D:\Environment\apache-maven-3.8.2\conf\repository\ch\qos\logback\logback-classic\1.2.3\logback-classic-1.2.3.jar;D:\Environment\apache-maven-3.8.2\conf\repository\ch\qos\logback\logback-core\1.2.3\logback-core-1.2.3.jar;D:\Environment\apache-maven-3.8.2\conf\repository\org\apache\logging\log4j\log4j-to-slf4j\2.13.3\log4j-to-slf4j-2.13.3.jar;D:\Environment\apache-maven-3.8.2\conf\repository\org\apache\logging\log4j\log4j-api\2.13.3\log4j-api-2.13.3.jar;D:\Environment\apache-maven-3.8.2\conf\repository\org\slf4j\jul-to-slf4j\1.7.30\jul-to-slf4j-1.7.30.jar;D:\Environment\apache-maven-3.8.2\conf\repository\jakarta\annotation\jakarta.annotation-api\1.3.5\jakarta.annotation-api-1.3.5.jar;D:\Environment\apache-maven-3.8.2\conf\repository\org\yaml\snakeyaml\1.27\snakeyaml-1.27.jar;D:\Environment\apache-maven-3.8.2\conf\repository\org\springframework\boot\spring-boot-starter-json\2.4.4\spring-boot-starter-json-2.4.4.jar;D:\Environment\apache-maven-3.8.2\conf\repository\com\fasterxml\jackson\core\jackson-databind\2.11.4\jackson-databind-2.11.4.jar;D:\Environment\apache-maven-3.8.2\conf\repository\com\fasterxml\jackson\core\jackson-annotations\2.11.4\jackson-annotations-2.11.4.jar;D:\Environment\apache-maven-3.8.2\conf\repository\com\fasterxml\jackson\core\jackson-core\2.11.4\jackson-core-2.11.4.jar;D:\Environment\apache-maven-3.8.2\conf\repository\com\fasterxml\jackson\datatype\jackson-datatype-jdk8\2.11.4\jackson-datatype-jdk8-2.11.4.jar;D:\Environment\apache-maven-3.8.2\conf\repository\com\fasterxml\jackson\datatype\jackson-datatype-jsr310\2.11.4\jackson-datatype-jsr310-2.11.4.jar;D:\Environment\apache-maven-3.8.2\conf\repository\com\fasterxml\jackson\module\jackson-module-parameter-names\2.11.4\jackson-module-parameter-names-2.11.4.jar;D:\Environment\apache-maven-3.8.2\conf\repository\org\springframework\boot\spring-boot-starter-tomcat\2.4.4\spring-boot-starter-tomcat-2.4.4.jar;D:\Environment\apache-maven-3.8.2\conf\repository\org\apache\tomcat\embed\tomcat-embed-core\9.0.44\tomcat-embed-core-9.0.44.jar;D:\Environment\apache-maven-3.8.2\conf\repository\org\glassfish\jakarta.el\3.0.3\jakarta.el-3.0.3.jar;D:\Environment\apache-maven-3.8.2\conf\repository\org\apache\tomcat\embed\tomcat-embed-websocket\9.0.44\tomcat-embed-websocket-9.0.44.jar;D:\Environment\apache-maven-3.8.2\conf\repository\org\springframework\spring-web\5.3.5\spring-web-5.3.5.jar;D:\Environment\apache-maven-3.8.2\conf\repository\org\springframework\spring-beans\5.3.5\spring-beans-5.3.5.jar;D:\Environment\apache-maven-3.8.2\conf\repository\org\springframework\spring-webmvc\5.3.5\spring-webmvc-5.3.5.jar;D:\Environment\apache-maven-3.8.2\conf\repository\org\springframework\spring-aop\5.3.5\spring-aop-5.3.5.jar;D:\Environment\apache-maven-3.8.2\conf\repository\org\springframework\spring-context\5.3.5\spring-context-5.3.5.jar;D:\Environment\apache-maven-3.8.2\conf\repository\org\springframework\spring-expression\5.3.5\spring-expression-5.3.5.jar;D:\Environment\apache-maven-3.8.2\conf\repository\org\springframework\boot\spring-boot-starter-test\2.4.4\spring-boot-starter-test-2.4.4.jar;D:\Environment\apache-maven-3.8.2\conf\repository\org\springframework\boot\spring-boot-test\2.4.4\spring-boot-test-2.4.4.jar;D:\Environment\apache-maven-3.8.2\conf\repository\org\springframework\boot\spring-boot-test-autoconfigure\2.4.4\spring-boot-test-autoconfigure-2.4.4.jar;D:\Environment\apache-maven-3.8.2\conf\repository\com\jayway\jsonpath\json-path\2.4.0\json-path-2.4.0.jar;D:\Environment\apache-maven-3.8.2\conf\repository\net\minidev\json-smart\2.3\json-smart-2.3.jar;D:\Environment\apache-maven-3.8.2\conf\repository\net\minidev\accessors-smart\1.2\accessors-smart-1.2.jar;D:\Environment\apache-maven-3.8.2\conf\repository\org\ow2\asm\asm\5.0.4\asm-5.0.4.jar;D:\Environment\apache-maven-3.8.2\conf\repository\jakarta\xml\bind\jakarta.xml.bind-api\2.3.3\jakarta.xml.bind-api-2.3.3.jar;D:\Environment\apache-maven-3.8.2\conf\repository\jakarta\activation\jakarta.activation-api\1.2.2\jakarta.activation-api-1.2.2.jar;D:\Environment\apache-maven-3.8.2\conf\repository\org\assertj\assertj-core\3.18.1\assertj-core-3.18.1.jar;D:\Environment\apache-maven-3.8.2\conf\repository\org\hamcrest\hamcrest\2.2\hamcrest-2.2.jar;D:\Environment\apache-maven-3.8.2\conf\repository\org\junit\jupiter\junit-jupiter\5.7.1\junit-jupiter-5.7.1.jar;D:\Environment\apache-maven-3.8.2\conf\repository\org\junit\jupiter\junit-jupiter-api\5.7.1\junit-jupiter-api-5.7.1.jar;D:\Environment\apache-maven-3.8.2\conf\repository\org\apiguardian\apiguardian-api\1.1.0\apiguardian-api-1.1.0.jar;D:\Environment\apache-maven-3.8.2\conf\repository\org\opentest4j\opentest4j\1.2.0\opentest4j-1.2.0.jar;D:\Environment\apache-maven-3.8.2\conf\repository\org\junit\platform\junit-platform-commons\1.7.1\junit-platform-commons-1.7.1.jar;D:\Environment\apache-maven-3.8.2\conf\repository\org\junit\jupiter\junit-jupiter-params\5.7.1\junit-jupiter-params-5.7.1.jar;D:\Environment\apache-maven-3.8.2\conf\repository\org\junit\jupiter\junit-jupiter-engine\5.7.1\junit-jupiter-engine-5.7.1.jar;D:\Environment\apache-maven-3.8.2\conf\repository\org\junit\platform\junit-platform-engine\1.7.1\junit-platform-engine-1.7.1.jar;D:\Environment\apache-maven-3.8.2\conf\repository\org\mockito\mockito-core\3.6.28\mockito-core-3.6.28.jar;D:\Environment\apache-maven-3.8.2\conf\repository\net\bytebuddy\byte-buddy\1.10.22\byte-buddy-1.10.22.jar;D:\Environment\apache-maven-3.8.2\conf\repository\net\bytebuddy\byte-buddy-agent\1.10.22\byte-buddy-agent-1.10.22.jar;D:\Environment\apache-maven-3.8.2\conf\repository\org\objenesis\objenesis\3.1\objenesis-3.1.jar;D:\Environment\apache-maven-3.8.2\conf\repository\org\mockito\mockito-junit-jupiter\3.6.28\mockito-junit-jupiter-3.6.28.jar;D:\Environment\apache-maven-3.8.2\conf\repository\org\skyscreamer\jsonassert\1.5.0\jsonassert-1.5.0.jar;D:\Environment\apache-maven-3.8.2\conf\repository\com\vaadin\external\google\android-json\0.0.20131108.vaadin1\android-json-0.0.20131108.vaadin1.jar;D:\Environment\apache-maven-3.8.2\conf\repository\org\springframework\spring-core\5.3.5\spring-core-5.3.5.jar;D:\Environment\apache-maven-3.8.2\conf\repository\org\springframework\spring-jcl\5.3.5\spring-jcl-5.3.5.jar;D:\Environment\apache-maven-3.8.2\conf\repository\org\springframework\spring-test\5.3.5\spring-test-5.3.5.jar;D:\Environment\apache-maven-3.8.2\conf\repository\org\xmlunit\xmlunit-core\2.7.0\xmlunit-core-2.7.0.jar;D:\Environment\apache-maven-3.8.2\conf\repository\org\apache\dubbo\dubbo-spring-boot-starter\2.7.10\dubbo-spring-boot-starter-2.7.10.jar;D:\Environment\apache-maven-3.8.2\conf\repository\org\apache\dubbo\dubbo-spring-boot-autoconfigure\2.7.10\dubbo-spring-boot-autoconfigure-2.7.10.jar;D:\Environment\apache-maven-3.8.2\conf\repository\org\apache\dubbo\dubbo-spring-boot-autoconfigure-compatible\2.7.10\dubbo-spring-boot-autoconfigure-compatible-2.7.10.jar;D:\Environment\apache-maven-3.8.2\conf\repository\org\apache\dubbo\dubbo\2.7.10\dubbo-2.7.10.jar;D:\Environment\apache-maven-3.8.2\conf\repository\com\alibaba\spring\spring-context-support\1.0.10\spring-context-support-1.0.10.jar;D:\Environment\apache-maven-3.8.2\conf\repository\org\javassist\javassist\3.20.0-GA\javassist-3.20.0-GA.jar;D:\Environment\apache-maven-3.8.2\conf\repository\io\netty\netty-all\4.1.60.Final\netty-all-4.1.60.Final.jar;D:\Environment\apache-maven-3.8.2\conf\repository\com\google\code\gson\gson\2.8.6\gson-2.8.6.jar;D:\Environment\apache-maven-3.8.2\conf\repository\com\alibaba\fastjson\1.2.70\fastjson-1.2.70.jar;D:\Environment\apache-maven-3.8.2\conf\repository\com\github\sgroschupf\zkclient\0.1\zkclient-0.1.jar;D:\Environment\apache-maven-3.8.2\conf\repository\log4j\log4j\1.2.14\log4j-1.2.14.jar;D:\Environment\apache-maven-3.8.2\conf\repository\org\apache\zookeeper\zookeeper\3.7.0\zookeeper-3.7.0.jar;D:\Environment\apache-maven-3.8.2\conf\repository\org\apache\zookeeper\zookeeper-jute\3.7.0\zookeeper-jute-3.7.0.jar;D:\Environment\apache-maven-3.8.2\conf\repository\org\apache\yetus\audience-annotations\0.12.0\audience-annotations-0.12.0.jar;D:\Environment\apache-maven-3.8.2\conf\repository\io\netty\netty-handler\4.1.60.Final\netty-handler-4.1.60.Final.jar;D:\Environment\apache-maven-3.8.2\conf\repository\io\netty\netty-common\4.1.60.Final\netty-common-4.1.60.Final.jar;D:\Environment\apache-maven-3.8.2\conf\repository\io\netty\netty-resolver\4.1.60.Final\netty-resolver-4.1.60.Final.jar;D:\Environment\apache-maven-3.8.2\conf\repository\io\netty\netty-buffer\4.1.60.Final\netty-buffer-4.1.60.Final.jar;D:\Environment\apache-maven-3.8.2\conf\repository\io\netty\netty-transport\4.1.60.Final\netty-transport-4.1.60.Final.jar;D:\Environment\apache-maven-3.8.2\conf\repository\io\netty\netty-codec\4.1.60.Final\netty-codec-4.1.60.Final.jar;D:\Environment\apache-maven-3.8.2\conf\repository\io\netty\netty-transport-native-epoll\4.1.60.Final\netty-transport-native-epoll-4.1.60.Final.jar;D:\Environment\apache-maven-3.8.2\conf\repository\io\netty\netty-transport-native-unix-common\4.1.60.Final\netty-transport-native-unix-common-4.1.60.Final.jar;D:\Environment\apache-maven-3.8.2\conf\repository\org\slf4j\slf4j-api\1.7.30\slf4j-api-1.7.30.jar;D:\Environment\apache-maven-3.8.2\conf\repository\org\apache\curator\curator-recipes\5.1.0\curator-recipes-5.1.0.jar;D:\Environment\apache-maven-3.8.2\conf\repository\org\apache\curator\curator-framework\5.1.0\curator-framework-5.1.0.jar;D:\Environment\apache-maven-3.8.2\conf\repository\org\apache\curator\curator-client\5.1.0\curator-client-5.1.0.jar;D:\Environment\apache-maven-3.8.2\conf\repository\com\google\guava\guava\27.0.1-jre\guava-27.0.1-jre.jar;D:\Environment\apache-maven-3.8.2\conf\repository\com\google\guava\failureaccess\1.0.1\failureaccess-1.0.1.jar;D:\Environment\apache-maven-3.8.2\conf\repository\com\google\guava\listenablefuture\9999.0-empty-to-avoid-conflict-with-guava\listenablefuture-9999.0-empty-to-avoid-conflict-with-guava.jar;D:\Environment\apache-maven-3.8.2\conf\repository\com\google\code\findbugs\jsr305\3.0.2\jsr305-3.0.2.jar;D:\Environment\apache-maven-3.8.2\conf\repository\org\checkerframework\checker-qual\2.5.2\checker-qual-2.5.2.jar;D:\Environment\apache-maven-3.8.2\conf\repository\com\google\errorprone\error_prone_annotations\2.2.0\error_prone_annotations-2.2.0.jar;D:\Environment\apache-maven-3.8.2\conf\repository\com\google\j2objc\j2objc-annotations\1.1\j2objc-annotations-1.1.jar;D:\Environment\apache-maven-3.8.2\conf\repository\org\codehaus\mojo\animal-sniffer-annotations\1.17\animal-sniffer-annotations-1.17.jar;"/>
    <property name="java.vm.vendor" value="Oracle Corporation"/>
    <property name="sun.arch.data.model" value="32"/>
    <property name="user.variant" value=""/>
    <property name="java.vendor.url" value="http://java.oracle.com/"/>
    <property name="user.timezone" value="Asia/Shanghai"/>
    <property name="java.vm.specification.version" value="1.8"/>
    <property name="os.name" value="Windows 10"/>
    <property name="user.country" value="CN"/>
    <property name="sun.java.launcher" value="SUN_STANDARD"/>
    <property name="sun.boot.library.path" value="D:\Environment\Java\jdk1.8.0_301\jre\bin"/>
    <property name="sun.java.command" value="C:\Users\21170\AppData\Local\Temp\surefire5646510626068192737\surefirebooter136442536677093415.jar C:\Users\21170\AppData\Local\Temp\surefire5646510626068192737 2021-09-16T09-26-45_532-jvmRun1 surefire8101666165740814247tmp surefire_03300667701537686445tmp"/>
    <property name="surefire.test.class.path" value="E:\Project\IdeaProjects\Dubbo+Zookeeper\provider-service\target\test-classes;E:\Project\IdeaProjects\Dubbo+Zookeeper\provider-service\target\classes;D:\Environment\apache-maven-3.8.2\conf\repository\org\springframework\boot\spring-boot-starter-web\2.4.4\spring-boot-starter-web-2.4.4.jar;D:\Environment\apache-maven-3.8.2\conf\repository\org\springframework\boot\spring-boot-starter\2.4.4\spring-boot-starter-2.4.4.jar;D:\Environment\apache-maven-3.8.2\conf\repository\org\springframework\boot\spring-boot\2.4.4\spring-boot-2.4.4.jar;D:\Environment\apache-maven-3.8.2\conf\repository\org\springframework\boot\spring-boot-autoconfigure\2.4.4\spring-boot-autoconfigure-2.4.4.jar;D:\Environment\apache-maven-3.8.2\conf\repository\org\springframework\boot\spring-boot-starter-logging\2.4.4\spring-boot-starter-logging-2.4.4.jar;D:\Environment\apache-maven-3.8.2\conf\repository\ch\qos\logback\logback-classic\1.2.3\logback-classic-1.2.3.jar;D:\Environment\apache-maven-3.8.2\conf\repository\ch\qos\logback\logback-core\1.2.3\logback-core-1.2.3.jar;D:\Environment\apache-maven-3.8.2\conf\repository\org\apache\logging\log4j\log4j-to-slf4j\2.13.3\log4j-to-slf4j-2.13.3.jar;D:\Environment\apache-maven-3.8.2\conf\repository\org\apache\logging\log4j\log4j-api\2.13.3\log4j-api-2.13.3.jar;D:\Environment\apache-maven-3.8.2\conf\repository\org\slf4j\jul-to-slf4j\1.7.30\jul-to-slf4j-1.7.30.jar;D:\Environment\apache-maven-3.8.2\conf\repository\jakarta\annotation\jakarta.annotation-api\1.3.5\jakarta.annotation-api-1.3.5.jar;D:\Environment\apache-maven-3.8.2\conf\repository\org\yaml\snakeyaml\1.27\snakeyaml-1.27.jar;D:\Environment\apache-maven-3.8.2\conf\repository\org\springframework\boot\spring-boot-starter-json\2.4.4\spring-boot-starter-json-2.4.4.jar;D:\Environment\apache-maven-3.8.2\conf\repository\com\fasterxml\jackson\core\jackson-databind\2.11.4\jackson-databind-2.11.4.jar;D:\Environment\apache-maven-3.8.2\conf\repository\com\fasterxml\jackson\core\jackson-annotations\2.11.4\jackson-annotations-2.11.4.jar;D:\Environment\apache-maven-3.8.2\conf\repository\com\fasterxml\jackson\core\jackson-core\2.11.4\jackson-core-2.11.4.jar;D:\Environment\apache-maven-3.8.2\conf\repository\com\fasterxml\jackson\datatype\jackson-datatype-jdk8\2.11.4\jackson-datatype-jdk8-2.11.4.jar;D:\Environment\apache-maven-3.8.2\conf\repository\com\fasterxml\jackson\datatype\jackson-datatype-jsr310\2.11.4\jackson-datatype-jsr310-2.11.4.jar;D:\Environment\apache-maven-3.8.2\conf\repository\com\fasterxml\jackson\module\jackson-module-parameter-names\2.11.4\jackson-module-parameter-names-2.11.4.jar;D:\Environment\apache-maven-3.8.2\conf\repository\org\springframework\boot\spring-boot-starter-tomcat\2.4.4\spring-boot-starter-tomcat-2.4.4.jar;D:\Environment\apache-maven-3.8.2\conf\repository\org\apache\tomcat\embed\tomcat-embed-core\9.0.44\tomcat-embed-core-9.0.44.jar;D:\Environment\apache-maven-3.8.2\conf\repository\org\glassfish\jakarta.el\3.0.3\jakarta.el-3.0.3.jar;D:\Environment\apache-maven-3.8.2\conf\repository\org\apache\tomcat\embed\tomcat-embed-websocket\9.0.44\tomcat-embed-websocket-9.0.44.jar;D:\Environment\apache-maven-3.8.2\conf\repository\org\springframework\spring-web\5.3.5\spring-web-5.3.5.jar;D:\Environment\apache-maven-3.8.2\conf\repository\org\springframework\spring-beans\5.3.5\spring-beans-5.3.5.jar;D:\Environment\apache-maven-3.8.2\conf\repository\org\springframework\spring-webmvc\5.3.5\spring-webmvc-5.3.5.jar;D:\Environment\apache-maven-3.8.2\conf\repository\org\springframework\spring-aop\5.3.5\spring-aop-5.3.5.jar;D:\Environment\apache-maven-3.8.2\conf\repository\org\springframework\spring-context\5.3.5\spring-context-5.3.5.jar;D:\Environment\apache-maven-3.8.2\conf\repository\org\springframework\spring-expression\5.3.5\spring-expression-5.3.5.jar;D:\Environment\apache-maven-3.8.2\conf\repository\org\springframework\boot\spring-boot-starter-test\2.4.4\spring-boot-starter-test-2.4.4.jar;D:\Environment\apache-maven-3.8.2\conf\repository\org\springframework\boot\spring-boot-test\2.4.4\spring-boot-test-2.4.4.jar;D:\Environment\apache-maven-3.8.2\conf\repository\org\springframework\boot\spring-boot-test-autoconfigure\2.4.4\spring-boot-test-autoconfigure-2.4.4.jar;D:\Environment\apache-maven-3.8.2\conf\repository\com\jayway\jsonpath\json-path\2.4.0\json-path-2.4.0.jar;D:\Environment\apache-maven-3.8.2\conf\repository\net\minidev\json-smart\2.3\json-smart-2.3.jar;D:\Environment\apache-maven-3.8.2\conf\repository\net\minidev\accessors-smart\1.2\accessors-smart-1.2.jar;D:\Environment\apache-maven-3.8.2\conf\repository\org\ow2\asm\asm\5.0.4\asm-5.0.4.jar;D:\Environment\apache-maven-3.8.2\conf\repository\jakarta\xml\bind\jakarta.xml.bind-api\2.3.3\jakarta.xml.bind-api-2.3.3.jar;D:\Environment\apache-maven-3.8.2\conf\repository\jakarta\activation\jakarta.activation-api\1.2.2\jakarta.activation-api-1.2.2.jar;D:\Environment\apache-maven-3.8.2\conf\repository\org\assertj\assertj-core\3.18.1\assertj-core-3.18.1.jar;D:\Environment\apache-maven-3.8.2\conf\repository\org\hamcrest\hamcrest\2.2\hamcrest-2.2.jar;D:\Environment\apache-maven-3.8.2\conf\repository\org\junit\jupiter\junit-jupiter\5.7.1\junit-jupiter-5.7.1.jar;D:\Environment\apache-maven-3.8.2\conf\repository\org\junit\jupiter\junit-jupiter-api\5.7.1\junit-jupiter-api-5.7.1.jar;D:\Environment\apache-maven-3.8.2\conf\repository\org\apiguardian\apiguardian-api\1.1.0\apiguardian-api-1.1.0.jar;D:\Environment\apache-maven-3.8.2\conf\repository\org\opentest4j\opentest4j\1.2.0\opentest4j-1.2.0.jar;D:\Environment\apache-maven-3.8.2\conf\repository\org\junit\platform\junit-platform-commons\1.7.1\junit-platform-commons-1.7.1.jar;D:\Environment\apache-maven-3.8.2\conf\repository\org\junit\jupiter\junit-jupiter-params\5.7.1\junit-jupiter-params-5.7.1.jar;D:\Environment\apache-maven-3.8.2\conf\repository\org\junit\jupiter\junit-jupiter-engine\5.7.1\junit-jupiter-engine-5.7.1.jar;D:\Environment\apache-maven-3.8.2\conf\repository\org\junit\platform\junit-platform-engine\1.7.1\junit-platform-engine-1.7.1.jar;D:\Environment\apache-maven-3.8.2\conf\repository\org\mockito\mockito-core\3.6.28\mockito-core-3.6.28.jar;D:\Environment\apache-maven-3.8.2\conf\repository\net\bytebuddy\byte-buddy\1.10.22\byte-buddy-1.10.22.jar;D:\Environment\apache-maven-3.8.2\conf\repository\net\bytebuddy\byte-buddy-agent\1.10.22\byte-buddy-agent-1.10.22.jar;D:\Environment\apache-maven-3.8.2\conf\repository\org\objenesis\objenesis\3.1\objenesis-3.1.jar;D:\Environment\apache-maven-3.8.2\conf\repository\org\mockito\mockito-junit-jupiter\3.6.28\mockito-junit-jupiter-3.6.28.jar;D:\Environment\apache-maven-3.8.2\conf\repository\org\skyscreamer\jsonassert\1.5.0\jsonassert-1.5.0.jar;D:\Environment\apache-maven-3.8.2\conf\repository\com\vaadin\external\google\android-json\0.0.20131108.vaadin1\android-json-0.0.20131108.vaadin1.jar;D:\Environment\apache-maven-3.8.2\conf\repository\org\springframework\spring-core\5.3.5\spring-core-5.3.5.jar;D:\Environment\apache-maven-3.8.2\conf\repository\org\springframework\spring-jcl\5.3.5\spring-jcl-5.3.5.jar;D:\Environment\apache-maven-3.8.2\conf\repository\org\springframework\spring-test\5.3.5\spring-test-5.3.5.jar;D:\Environment\apache-maven-3.8.2\conf\repository\org\xmlunit\xmlunit-core\2.7.0\xmlunit-core-2.7.0.jar;D:\Environment\apache-maven-3.8.2\conf\repository\org\apache\dubbo\dubbo-spring-boot-starter\2.7.10\dubbo-spring-boot-starter-2.7.10.jar;D:\Environment\apache-maven-3.8.2\conf\repository\org\apache\dubbo\dubbo-spring-boot-autoconfigure\2.7.10\dubbo-spring-boot-autoconfigure-2.7.10.jar;D:\Environment\apache-maven-3.8.2\conf\repository\org\apache\dubbo\dubbo-spring-boot-autoconfigure-compatible\2.7.10\dubbo-spring-boot-autoconfigure-compatible-2.7.10.jar;D:\Environment\apache-maven-3.8.2\conf\repository\org\apache\dubbo\dubbo\2.7.10\dubbo-2.7.10.jar;D:\Environment\apache-maven-3.8.2\conf\repository\com\alibaba\spring\spring-context-support\1.0.10\spring-context-support-1.0.10.jar;D:\Environment\apache-maven-3.8.2\conf\repository\org\javassist\javassist\3.20.0-GA\javassist-3.20.0-GA.jar;D:\Environment\apache-maven-3.8.2\conf\repository\io\netty\netty-all\4.1.60.Final\netty-all-4.1.60.Final.jar;D:\Environment\apache-maven-3.8.2\conf\repository\com\google\code\gson\gson\2.8.6\gson-2.8.6.jar;D:\Environment\apache-maven-3.8.2\conf\repository\com\alibaba\fastjson\1.2.70\fastjson-1.2.70.jar;D:\Environment\apache-maven-3.8.2\conf\repository\com\github\sgroschupf\zkclient\0.1\zkclient-0.1.jar;D:\Environment\apache-maven-3.8.2\conf\repository\log4j\log4j\1.2.14\log4j-1.2.14.jar;D:\Environment\apache-maven-3.8.2\conf\repository\org\apache\zookeeper\zookeeper\3.7.0\zookeeper-3.7.0.jar;D:\Environment\apache-maven-3.8.2\conf\repository\org\apache\zookeeper\zookeeper-jute\3.7.0\zookeeper-jute-3.7.0.jar;D:\Environment\apache-maven-3.8.2\conf\repository\org\apache\yetus\audience-annotations\0.12.0\audience-annotations-0.12.0.jar;D:\Environment\apache-maven-3.8.2\conf\repository\io\netty\netty-handler\4.1.60.Final\netty-handler-4.1.60.Final.jar;D:\Environment\apache-maven-3.8.2\conf\repository\io\netty\netty-common\4.1.60.Final\netty-common-4.1.60.Final.jar;D:\Environment\apache-maven-3.8.2\conf\repository\io\netty\netty-resolver\4.1.60.Final\netty-resolver-4.1.60.Final.jar;D:\Environment\apache-maven-3.8.2\conf\repository\io\netty\netty-buffer\4.1.60.Final\netty-buffer-4.1.60.Final.jar;D:\Environment\apache-maven-3.8.2\conf\repository\io\netty\netty-transport\4.1.60.Final\netty-transport-4.1.60.Final.jar;D:\Environment\apache-maven-3.8.2\conf\repository\io\netty\netty-codec\4.1.60.Final\netty-codec-4.1.60.Final.jar;D:\Environment\apache-maven-3.8.2\conf\repository\io\netty\netty-transport-native-epoll\4.1.60.Final\netty-transport-native-epoll-4.1.60.Final.jar;D:\Environment\apache-maven-3.8.2\conf\repository\io\netty\netty-transport-native-unix-common\4.1.60.Final\netty-transport-native-unix-common-4.1.60.Final.jar;D:\Environment\apache-maven-3.8.2\conf\repository\org\slf4j\slf4j-api\1.7.30\slf4j-api-1.7.30.jar;D:\Environment\apache-maven-3.8.2\conf\repository\org\apache\curator\curator-recipes\5.1.0\curator-recipes-5.1.0.jar;D:\Environment\apache-maven-3.8.2\conf\repository\org\apache\curator\curator-framework\5.1.0\curator-framework-5.1.0.jar;D:\Environment\apache-maven-3.8.2\conf\repository\org\apache\curator\curator-client\5.1.0\curator-client-5.1.0.jar;D:\Environment\apache-maven-3.8.2\conf\repository\com\google\guava\guava\27.0.1-jre\guava-27.0.1-jre.jar;D:\Environment\apache-maven-3.8.2\conf\repository\com\google\guava\failureaccess\1.0.1\failureaccess-1.0.1.jar;D:\Environment\apache-maven-3.8.2\conf\repository\com\google\guava\listenablefuture\9999.0-empty-to-avoid-conflict-with-guava\listenablefuture-9999.0-empty-to-avoid-conflict-with-guava.jar;D:\Environment\apache-maven-3.8.2\conf\repository\com\google\code\findbugs\jsr305\3.0.2\jsr305-3.0.2.jar;D:\Environment\apache-maven-3.8.2\conf\repository\org\checkerframework\checker-qual\2.5.2\checker-qual-2.5.2.jar;D:\Environment\apache-maven-3.8.2\conf\repository\com\google\errorprone\error_prone_annotations\2.2.0\error_prone_annotations-2.2.0.jar;D:\Environment\apache-maven-3.8.2\conf\repository\com\google\j2objc\j2objc-annotations\1.1\j2objc-annotations-1.1.jar;D:\Environment\apache-maven-3.8.2\conf\repository\org\codehaus\mojo\animal-sniffer-annotations\1.17\animal-sniffer-annotations-1.17.jar;"/>
    <property name="sun.cpu.endian" value="little"/>
    <property name="user.home" value="C:\Users\21170"/>
    <property name="user.language" value="zh"/>
    <property name="java.specification.vendor" value="Oracle Corporation"/>
    <property name="java.home" value="D:\Environment\Java\jdk1.8.0_301\jre"/>
    <property name="basedir" value="E:\Project\IdeaProjects\Dubbo+Zookeeper\provider-service"/>
    <property name="file.separator" value="\"/>
    <property name="line.separator" value="&#10;"/>
    <property name="java.vm.specification.vendor" value="Oracle Corporation"/>
    <property name="java.specification.name" value="Java Platform API Specification"/>
    <property name="java.awt.graphicsenv" value="sun.awt.Win32GraphicsEnvironment"/>
    <property name="surefire.real.class.path" value="C:\Users\21170\AppData\Local\Temp\surefire5646510626068192737\surefirebooter136442536677093415.jar"/>
    <property name="sun.boot.class.path" value="D:\Environment\Java\jdk1.8.0_301\jre\lib\resources.jar;D:\Environment\Java\jdk1.8.0_301\jre\lib\rt.jar;D:\Environment\Java\jdk1.8.0_301\jre\lib\sunrsasign.jar;D:\Environment\Java\jdk1.8.0_301\jre\lib\jsse.jar;D:\Environment\Java\jdk1.8.0_301\jre\lib\jce.jar;D:\Environment\Java\jdk1.8.0_301\jre\lib\charsets.jar;D:\Environment\Java\jdk1.8.0_301\jre\lib\jfr.jar;D:\Environment\Java\jdk1.8.0_301\jre\classes"/>
    <property name="user.script" value=""/>
    <property name="sun.management.compiler" value="HotSpot Client Compiler"/>
    <property name="java.runtime.version" value="1.8.0_301-b09"/>
    <property name="user.name" value="21170"/>
    <property name="path.separator" value=";"/>
    <property name="os.version" value="10.0"/>
    <property name="java.endorsed.dirs" value="D:\Environment\Java\jdk1.8.0_301\jre\lib\endorsed"/>
    <property name="java.runtime.name" value="Java(TM) SE Runtime Environment"/>
    <property name="file.encoding" value="GBK"/>
    <property name="java.vm.name" value="Java HotSpot(TM) Client VM"/>
    <property name="localRepository" value="D:\Environment\apache-maven-3.8.2\conf\repository"/>
    <property name="java.vendor.url.bug" value="http://bugreport.sun.com/bugreport/"/>
    <property name="java.io.tmpdir" value="C:\Users\21170\AppData\Local\Temp\"/>
    <property name="idea.version" value="2021.2.1"/>
    <property name="java.version" value="1.8.0_301"/>
    <property name="user.dir" value="E:\Project\IdeaProjects\Dubbo+Zookeeper\provider-service"/>
    <property name="os.arch" value="x86"/>
    <property name="java.vm.specification.name" value="Java Virtual Machine Specification"/>
    <property name="java.awt.printerjob" value="sun.awt.windows.WPrinterJob"/>
    <property name="sun.os.patch.level" value=""/>
    <property name="java.library.path" value="D:\Environment\Java\jdk1.8.0_301\jre\bin;C:\WINDOWS\Sun\Java\bin;C:\WINDOWS\system32;C:\WINDOWS;C:\Program Files\Common Files\Oracle\Java\javapath;C:\Program Files (x86)\Common Files\Oracle\Java\javapath;D:\VMware\VMware Workstation\bin\;C:\WINDOWS\system32;C:\WINDOWS;C:\WINDOWS\System32\Wbem;C:\WINDOWS\System32\WindowsPowerShell\v1.0\;C:\WINDOWS\System32\OpenSSH\;C:\Program Files\Git\cmd;D:\NetSarang\Xshell 7\;D:\NetSarang\Xftp 7\;&quot;;D:\Environment\Java\jdk-17\bin;D:\Environment\Java\jdk-17\jre\bin;&quot;;D:\Environment\apache-maven-3.8.2\bin;D:\Environment\node\;C:\Users\21170\AppData\Local\Microsoft\WindowsApps;D:\JetBrains\DataGrip 2021.2.2\bin;D:\Bandizip\;D:\JetBrains\JetBrains DataSpell 213.2094.12\bin;D:\JetBrains\PyCharm 2021.2.1\bin;D:\JetBrains\WebStorm 2021.2.1\bin;C:\Users\21170\AppData\Roaming\npm;."/>
    <property name="java.vm.info" value="mixed mode, sharing"/>
    <property name="java.vendor" value="Oracle Corporation"/>
    <property name="java.vm.version" value="25.301-b09"/>
    <property name="java.ext.dirs" value="D:\Environment\Java\jdk1.8.0_301\jre\lib\ext;C:\WINDOWS\Sun\Java\lib\ext"/>
    <property name="sun.io.unicode.encoding" value="UnicodeLittle"/>
    <property name="maven.repo.local" value="D:\Environment\apache-maven-3.8.2\conf\repository"/>
    <property name="java.class.version" value="52.0"/>
  </properties>
  <testcase name="contextLoads" classname="com.wei.ProviderServiceApplicationTests" time="0.406"/>
</testsuite>